<?xml version="1.0" encoding="UTF-8"?>
<testsuite xmlns:xsi="http://www.w3.org/2001/XMLSchema-instance" xsi:noNamespaceSchemaLocation="https://maven.apache.org/surefire/maven-surefire-plugin/xsd/surefire-test-report.xsd" name="Login" time="18.668" tests="3" errors="0" skipped="0" failures="0">
  <properties>
[...]
</properties>
  <testcase name="Check login works properly {positive test}" classname="Login" time="8.384"/>
  <testcase name="Check entering wrong user name {negative test}" classname="Login" time="5.53"/>
  <testcase name="Check entering wrong user name {negative test}" classname="Login" time="4.751"/>
</testsuite>